02-Mar-2021 22:20:11.008 GRAVE [main] org.apache.catalina.startup.Catalina.stopServer Could not contact [localhost:8005] (base port [8005] and offset [0]). Tomcat may not be running.
02-Mar-2021 22:25:28.541 GRAVE [main] org.apache.catalina.startup.Catalina.stopServer Could not contact [localhost:8005] (base port [8005] and offset [0]). Tomcat may not be running.
02-Mar-2021 22:28:44.459 INFORMACIÓN [main] org.apache.catalina.startup.VersionLoggerListener.log Nombre de la versión del servidor: Apache Tomcat/9.0.41
02-Mar-2021 22:28:44.470 INFORMACIÓN [main] org.apache.catalina.startup.VersionLoggerListener.log Server built:                      Dec 3 2020 11:43:00 UTC
02-Mar-2021 22:28:44.473 INFORMACIÓN [main] org.apache.catalina.startup.VersionLoggerListener.log Número de versión de servidor:     9.0.41.0
02-Mar-2021 22:28:44.474 INFORMACIÓN [main] org.apache.catalina.startup.VersionLoggerListener.log OS Name:                           Windows 10
02-Mar-2021 22:28:44.474 INFORMACIÓN [main] org.apache.catalina.startup.VersionLoggerListener.log Versión de Systema Operativo:      10.0
02-Mar-2021 22:28:44.475 INFORMACIÓN [main] org.apache.catalina.startup.VersionLoggerListener.log Arquitectura:                      amd64
02-Mar-2021 22:28:44.475 INFORMACIÓN [main] org.apache.catalina.startup.VersionLoggerListener.log Java Home:                         C:\Program Files\Java\jdk1.8.0_281\jre
02-Mar-2021 22:28:44.476 INFORMACIÓN [main] org.apache.catalina.startup.VersionLoggerListener.log JVM Version:                       1.8.0_281-b09
02-Mar-2021 22:28:44.477 INFORMACIÓN [main] org.apache.catalina.startup.VersionLoggerListener.log Vededor JVM:                       Oracle Corporation
02-Mar-2021 22:28:44.477 INFORMACIÓN [main] org.apache.catalina.startup.VersionLoggerListener.log CATALINA_BASE:                     C:\apache-tomcat-9.0.41-windows-x64\apache-tomcat-9.0.41
02-Mar-2021 22:28:44.477 INFORMACIÓN [main] org.apache.catalina.startup.VersionLoggerListener.log CATALINA_HOME:                     C:\apache-tomcat-9.0.41-windows-x64\apache-tomcat-9.0.41
02-Mar-2021 22:28:44.478 INFORMACIÓN [main] org.apache.catalina.startup.VersionLoggerListener.log Command line argument:             -Djava.util.logging.config.file=C:\apache-tomcat-9.0.41-windows-x64\apache-tomcat-9.0.41\conf\logging.properties
02-Mar-2021 22:28:44.480 INFORMACIÓN [main] org.apache.catalina.startup.VersionLoggerListener.log Command line argument:             -Djava.util.logging.manager=org.apache.juli.ClassLoaderLogManager
02-Mar-2021 22:28:44.480 INFORMACIÓN [main] org.apache.catalina.startup.VersionLoggerListener.log Command line argument:             -Dhttp.nonProxyHosts=localhost|127.0.0.1|DESKTOP-0QGS39S
02-Mar-2021 22:28:44.480 INFORMACIÓN [main] org.apache.catalina.startup.VersionLoggerListener.log Command line argument:             -Djdk.tls.ephemeralDHKeySize=2048
02-Mar-2021 22:28:44.490 INFORMACIÓN [main] org.apache.catalina.startup.VersionLoggerListener.log Command line argument:             -Djava.protocol.handler.pkgs=org.apache.catalina.webresources
02-Mar-2021 22:28:44.490 INFORMACIÓN [main] org.apache.catalina.startup.VersionLoggerListener.log Command line argument:             -Dignore.endorsed.dirs=
02-Mar-2021 22:28:44.490 INFORMACIÓN [main] org.apache.catalina.startup.VersionLoggerListener.log Command line argument:             -Dcatalina.base=C:\apache-tomcat-9.0.41-windows-x64\apache-tomcat-9.0.41
02-Mar-2021 22:28:44.491 INFORMACIÓN [main] org.apache.catalina.startup.VersionLoggerListener.log Command line argument:             -Dcatalina.home=C:\apache-tomcat-9.0.41-windows-x64\apache-tomcat-9.0.41
02-Mar-2021 22:28:44.491 INFORMACIÓN [main] org.apache.catalina.startup.VersionLoggerListener.log Command line argument:             -Djava.io.tmpdir=C:\apache-tomcat-9.0.41-windows-x64\apache-tomcat-9.0.41\temp
02-Mar-2021 22:28:44.562 INFORMACIÓN [main] org.apache.catalina.core.AprLifecycleListener.lifecycleEvent Cargada la biblioteca nativa APR de Apache Tomcat [1.2.25] con la versión APR [1.7.0].
02-Mar-2021 22:28:44.562 INFORMACIÓN [main] org.apache.catalina.core.AprLifecycleListener.lifecycleEvent Capacidades APR: IPv6 [true], enviar fichero [true], aceptar filtros [false], aleatorio [true].
02-Mar-2021 22:28:44.563 INFORMACIÓN [main] org.apache.catalina.core.AprLifecycleListener.lifecycleEvent APR/OpenSSL configuration: useAprConnector [false], useOpenSSL [true]
02-Mar-2021 22:28:44.682 INFORMACIÓN [main] org.apache.catalina.core.AprLifecycleListener.initializeSSL OpenSSL inicializado correctamente [OpenSSL 1.1.1g  21 Apr 2020]
02-Mar-2021 22:28:45.349 INFORMACIÓN [main] org.apache.coyote.AbstractProtocol.init Inicializando el manejador de protocolo ["http-nio-8089"]

02-Mar-2021 22:28:45.763 INFORMACIÓN [main] org.apache.catalina.startup.Catalina.load Server initialization in [2107] milliseconds
02-Mar-2021 22:28:45.843 ADVERTENCIA [main] org.apache.catalina.users.MemoryUserDatabase.createUser Se ha especificado un nombre de usuario nulo o de tamaño cero. Se ignora el usuario.
02-Mar-2021 22:28:45.843 INFORMACIÓN [main] org.apache.tomcat.util.digester.FactoryCreateRule.begin Error creating object: [Se ha especificado un nombre de usuario nulo o de tamaño cero. Se ignora el usuario.]
02-Mar-2021 22:28:45.846 INFORMACIÓN [main] org.apache.catalina.core.StandardService.startInternal Arrancando servicio [Catalina]
02-Mar-2021 22:28:45.846 INFORMACIÓN [main] org.apache.catalina.core.StandardEngine.startInternal Starting Servlet engine: [Apache Tomcat/9.0.41]
02-Mar-2021 22:28:45.862 INFORMACIÓN [main] org.apache.catalina.startup.HostConfig.deployDirectory Desplegando el directorio [C:\apache-tomcat-9.0.41-windows-x64\apache-tomcat-9.0.41\webapps\docs] de la aplicación web
02-Mar-2021 22:28:46.377 INFORMACIÓN [main] org.apache.catalina.startup.HostConfig.deployDirectory Deployment of web application directory [C:\apache-tomcat-9.0.41-windows-x64\apache-tomcat-9.0.41\webapps\docs] has finished in [513] ms
02-Mar-2021 22:28:46.378 INFORMACIÓN [main] org.apache.catalina.startup.HostConfig.deployDirectory Desplegando el directorio [C:\apache-tomcat-9.0.41-windows-x64\apache-tomcat-9.0.41\webapps\examples] de la aplicación web
02-Mar-2021 22:28:47.598 INFORMACIÓN [main] org.apache.catalina.startup.HostConfig.deployDirectory Deployment of web application directory [C:\apache-tomcat-9.0.41-windows-x64\apache-tomcat-9.0.41\webapps\examples] has finished in [1.219] ms
02-Mar-2021 22:28:47.598 INFORMACIÓN [main] org.apache.catalina.startup.HostConfig.deployDirectory Desplegando el directorio [C:\apache-tomcat-9.0.41-windows-x64\apache-tomcat-9.0.41\webapps\host-manager] de la aplicación web
02-Mar-2021 22:28:47.677 INFORMACIÓN [main] org.apache.catalina.startup.HostConfig.deployDirectory Deployment of web application directory [C:\apache-tomcat-9.0.41-windows-x64\apache-tomcat-9.0.41\webapps\host-manager] has finished in [79] ms
02-Mar-2021 22:28:47.678 INFORMACIÓN [main] org.apache.catalina.startup.HostConfig.deployDirectory Desplegando el directorio [C:\apache-tomcat-9.0.41-windows-x64\apache-tomcat-9.0.41\webapps\manager] de la aplicación web
02-Mar-2021 22:28:47.728 INFORMACIÓN [main] org.apache.catalina.startup.HostConfig.deployDirectory Deployment of web application directory [C:\apache-tomcat-9.0.41-windows-x64\apache-tomcat-9.0.41\webapps\manager] has finished in [50] ms
02-Mar-2021 22:28:47.729 INFORMACIÓN [main] org.apache.catalina.startup.HostConfig.deployDirectory Desplegando el directorio [C:\apache-tomcat-9.0.41-windows-x64\apache-tomcat-9.0.41\webapps\ROOT] de la aplicación web
02-Mar-2021 22:28:47.776 INFORMACIÓN [main] org.apache.catalina.startup.HostConfig.deployDirectory Deployment of web application directory [C:\apache-tomcat-9.0.41-windows-x64\apache-tomcat-9.0.41\webapps\ROOT] has finished in [47] ms
02-Mar-2021 22:28:47.782 INFORMACIÓN [main] org.apache.coyote.AbstractProtocol.start Starting ProtocolHandler ["http-nio-8089"]
02-Mar-2021 22:28:47.801 INFORMACIÓN [main] org.apache.catalina.startup.Catalina.start Server startup in [2036] milliseconds
02-Mar-2021 22:29:02.340 ADVERTENCIA [http-nio-8089-exec-4] org.apache.catalina.realm.LockOutRealm.filterLockedAccounts Se ha intentado autenticar al usuario bloqueado [admin]
02-Mar-2021 22:29:02.678 ADVERTENCIA [http-nio-8089-exec-8] org.apache.catalina.realm.LockOutRealm.filterLockedAccounts Se ha intentado autenticar al usuario bloqueado [admin]
02-Mar-2021 22:29:02.862 ADVERTENCIA [http-nio-8089-exec-9] org.apache.catalina.realm.LockOutRealm.filterLockedAccounts Se ha intentado autenticar al usuario bloqueado [admin]
02-Mar-2021 22:29:15.546 ADVERTENCIA [http-nio-8089-exec-2] org.apache.catalina.realm.LockOutRealm.filterLockedAccounts Se ha intentado autenticar al usuario bloqueado [admin]
02-Mar-2021 22:29:16.090 ADVERTENCIA [http-nio-8089-exec-5] org.apache.catalina.realm.LockOutRealm.filterLockedAccounts Se ha intentado autenticar al usuario bloqueado [admin]
02-Mar-2021 22:29:16.272 ADVERTENCIA [http-nio-8089-exec-6] org.apache.catalina.realm.LockOutRealm.filterLockedAccounts Se ha intentado autenticar al usuario bloqueado [admin]
02-Mar-2021 22:29:16.413 ADVERTENCIA [http-nio-8089-exec-8] org.apache.catalina.realm.LockOutRealm.filterLockedAccounts Se ha intentado autenticar al usuario bloqueado [admin]
02-Mar-2021 22:29:16.552 ADVERTENCIA [http-nio-8089-exec-10] org.apache.catalina.realm.LockOutRealm.filterLockedAccounts Se ha intentado autenticar al usuario bloqueado [admin]
02-Mar-2021 22:29:16.691 ADVERTENCIA [http-nio-8089-exec-2] org.apache.catalina.realm.LockOutRealm.filterLockedAccounts Se ha intentado autenticar al usuario bloqueado [admin]
02-Mar-2021 22:29:16.918 ADVERTENCIA [http-nio-8089-exec-5] org.apache.catalina.realm.LockOutRealm.filterLockedAccounts Se ha intentado autenticar al usuario bloqueado [admin]
02-Mar-2021 22:29:17.032 ADVERTENCIA [http-nio-8089-exec-4] org.apache.catalina.realm.LockOutRealm.filterLockedAccounts Se ha intentado autenticar al usuario bloqueado [admin]
02-Mar-2021 22:29:17.269 ADVERTENCIA [http-nio-8089-exec-8] org.apache.catalina.realm.LockOutRealm.filterLockedAccounts Se ha intentado autenticar al usuario bloqueado [admin]
02-Mar-2021 22:29:17.503 ADVERTENCIA [http-nio-8089-exec-10] org.apache.catalina.realm.LockOutRealm.filterLockedAccounts Se ha intentado autenticar al usuario bloqueado [admin]
02-Mar-2021 22:29:17.625 ADVERTENCIA [http-nio-8089-exec-2] org.apache.catalina.realm.LockOutRealm.filterLockedAccounts Se ha intentado autenticar al usuario bloqueado [admin]
02-Mar-2021 22:29:17.857 ADVERTENCIA [http-nio-8089-exec-7] org.apache.catalina.realm.LockOutRealm.filterLockedAccounts Se ha intentado autenticar al usuario bloqueado [admin]
02-Mar-2021 22:29:17.872 INFORMACIÓN [Catalina-utility-2] org.apache.catalina.users.MemoryUserDatabase.backgroundProcess Reloading memory user database [UserDatabase] from updated source [file:/C:/apache-tomcat-9.0.41-windows-x64/apache-tomcat-9.0.41/conf/tomcat-users.xml]
02-Mar-2021 22:29:23.967 INFORMACIÓN [main] org.apache.catalina.core.StandardServer.await Se ha recibido un comando de apagado a través del puerto de apagado. Parando la instancia del Servidor.
02-Mar-2021 22:29:23.968 INFORMACIÓN [main] org.apache.coyote.AbstractProtocol.pause Pausing ProtocolHandler ["http-nio-8089"]
02-Mar-2021 22:29:24.153 INFORMACIÓN [main] org.apache.catalina.core.StandardService.stopInternal Parando servicio [Catalina]
02-Mar-2021 22:29:24.189 INFORMACIÓN [main] org.apache.coyote.AbstractProtocol.stop Stopping ProtocolHandler ["http-nio-8089"]
02-Mar-2021 22:29:24.203 INFORMACIÓN [main] org.apache.coyote.AbstractProtocol.destroy Destroying ProtocolHandler ["http-nio-8089"]
02-Mar-2021 22:29:47.164 INFORMACIÓN [main] org.apache.catalina.startup.VersionLoggerListener.log Nombre de la versión del servidor: Apache Tomcat/9.0.41
02-Mar-2021 22:29:47.167 INFORMACIÓN [main] org.apache.catalina.startup.VersionLoggerListener.log Server built:                      Dec 3 2020 11:43:00 UTC
02-Mar-2021 22:29:47.168 INFORMACIÓN [main] org.apache.catalina.startup.VersionLoggerListener.log Número de versión de servidor:     9.0.41.0
02-Mar-2021 22:29:47.168 INFORMACIÓN [main] org.apache.catalina.startup.VersionLoggerListener.log OS Name:                           Windows 10
02-Mar-2021 22:29:47.168 INFORMACIÓN [main] org.apache.catalina.startup.VersionLoggerListener.log Versión de Systema Operativo:      10.0
02-Mar-2021 22:29:47.168 INFORMACIÓN [main] org.apache.catalina.startup.VersionLoggerListener.log Arquitectura:                      amd64
02-Mar-2021 22:29:47.168 INFORMACIÓN [main] org.apache.catalina.startup.VersionLoggerListener.log Java Home:                         C:\Program Files\Java\jdk1.8.0_281\jre
02-Mar-2021 22:29:47.168 INFORMACIÓN [main] org.apache.catalina.startup.VersionLoggerListener.log JVM Version:                       1.8.0_281-b09
02-Mar-2021 22:29:47.168 INFORMACIÓN [main] org.apache.catalina.startup.VersionLoggerListener.log Vededor JVM:                       Oracle Corporation
02-Mar-2021 22:29:47.169 INFORMACIÓN [main] org.apache.catalina.startup.VersionLoggerListener.log CATALINA_BASE:                     C:\apache-tomcat-9.0.41-windows-x64\apache-tomcat-9.0.41
02-Mar-2021 22:29:47.169 INFORMACIÓN [main] org.apache.catalina.startup.VersionLoggerListener.log CATALINA_HOME:                     C:\apache-tomcat-9.0.41-windows-x64\apache-tomcat-9.0.41
02-Mar-2021 22:29:47.171 INFORMACIÓN [main] org.apache.catalina.startup.VersionLoggerListener.log Command line argument:             -Djava.util.logging.config.file=C:\apache-tomcat-9.0.41-windows-x64\apache-tomcat-9.0.41\conf\logging.properties
02-Mar-2021 22:29:47.171 INFORMACIÓN [main] org.apache.catalina.startup.VersionLoggerListener.log Command line argument:             -Djava.util.logging.manager=org.apache.juli.ClassLoaderLogManager
02-Mar-2021 22:29:47.171 INFORMACIÓN [main] org.apache.catalina.startup.VersionLoggerListener.log Command line argument:             -Dhttp.nonProxyHosts=localhost|127.0.0.1|DESKTOP-0QGS39S
02-Mar-2021 22:29:47.171 INFORMACIÓN [main] org.apache.catalina.startup.VersionLoggerListener.log Command line argument:             -Djdk.tls.ephemeralDHKeySize=2048
02-Mar-2021 22:29:47.171 INFORMACIÓN [main] org.apache.catalina.startup.VersionLoggerListener.log Command line argument:             -Djava.protocol.handler.pkgs=org.apache.catalina.webresources
02-Mar-2021 22:29:47.171 INFORMACIÓN [main] org.apache.catalina.startup.VersionLoggerListener.log Command line argument:             -Dignore.endorsed.dirs=
02-Mar-2021 22:29:47.172 INFORMACIÓN [main] org.apache.catalina.startup.VersionLoggerListener.log Command line argument:             -Dcatalina.base=C:\apache-tomcat-9.0.41-windows-x64\apache-tomcat-9.0.41
02-Mar-2021 22:29:47.172 INFORMACIÓN [main] org.apache.catalina.startup.VersionLoggerListener.log Command line argument:             -Dcatalina.home=C:\apache-tomcat-9.0.41-windows-x64\apache-tomcat-9.0.41
02-Mar-2021 22:29:47.172 INFORMACIÓN [main] org.apache.catalina.startup.VersionLoggerListener.log Command line argument:             -Djava.io.tmpdir=C:\apache-tomcat-9.0.41-windows-x64\apache-tomcat-9.0.41\temp
02-Mar-2021 22:29:47.175 INFORMACIÓN [main] org.apache.catalina.core.AprLifecycleListener.lifecycleEvent Cargada la biblioteca nativa APR de Apache Tomcat [1.2.25] con la versión APR [1.7.0].
02-Mar-2021 22:29:47.176 INFORMACIÓN [main] org.apache.catalina.core.AprLifecycleListener.lifecycleEvent Capacidades APR: IPv6 [true], enviar fichero [true], aceptar filtros [false], aleatorio [true].
02-Mar-2021 22:29:47.176 INFORMACIÓN [main] org.apache.catalina.core.AprLifecycleListener.lifecycleEvent APR/OpenSSL configuration: useAprConnector [false], useOpenSSL [true]
02-Mar-2021 22:29:47.265 INFORMACIÓN [main] org.apache.catalina.core.AprLifecycleListener.initializeSSL OpenSSL inicializado correctamente [OpenSSL 1.1.1g  21 Apr 2020]
02-Mar-2021 22:29:47.721 INFORMACIÓN [main] org.apache.coyote.AbstractProtocol.init Inicializando el manejador de protocolo ["http-nio-8089"]

02-Mar-2021 22:29:47.977 INFORMACIÓN [main] org.apache.catalina.startup.Catalina.load Server initialization in [1089] milliseconds
02-Mar-2021 22:29:48.014 INFORMACIÓN [main] org.apache.catalina.core.StandardService.startInternal Arrancando servicio [Catalina]
02-Mar-2021 22:29:48.015 INFORMACIÓN [main] org.apache.catalina.core.StandardEngine.startInternal Starting Servlet engine: [Apache Tomcat/9.0.41]
02-Mar-2021 22:29:48.031 INFORMACIÓN [main] org.apache.catalina.startup.HostConfig.deployDirectory Desplegando el directorio [C:\apache-tomcat-9.0.41-windows-x64\apache-tomcat-9.0.41\webapps\docs] de la aplicación web
02-Mar-2021 22:29:48.445 INFORMACIÓN [main] org.apache.jasper.servlet.TldScanner.scanJars Al menos un JAR, que se ha explorado buscando TLDs, aún no contenía TLDs. Activar historial de depuración para este historiador para una completa lista de los JARs que fueron explorados y de los que nos se halló TLDs. Saltarse JARs no necesarios durante la exploración puede dar lugar a una mejora de tiempo significativa en el arranque y compilación de JSP .
02-Mar-2021 22:29:48.541 INFORMACIÓN [main] org.apache.catalina.startup.HostConfig.deployDirectory Deployment of web application directory [C:\apache-tomcat-9.0.41-windows-x64\apache-tomcat-9.0.41\webapps\docs] has finished in [508] ms
02-Mar-2021 22:29:48.541 INFORMACIÓN [main] org.apache.catalina.startup.HostConfig.deployDirectory Desplegando el directorio [C:\apache-tomcat-9.0.41-windows-x64\apache-tomcat-9.0.41\webapps\examples] de la aplicación web
02-Mar-2021 22:29:48.996 INFORMACIÓN [main] org.apache.jasper.servlet.TldScanner.scanJars Al menos un JAR, que se ha explorado buscando TLDs, aún no contenía TLDs. Activar historial de depuración para este historiador para una completa lista de los JARs que fueron explorados y de los que nos se halló TLDs. Saltarse JARs no necesarios durante la exploración puede dar lugar a una mejora de tiempo significativa en el arranque y compilación de JSP .
02-Mar-2021 22:29:49.082 INFORMACIÓN [main] org.apache.catalina.startup.HostConfig.deployDirectory Deployment of web application directory [C:\apache-tomcat-9.0.41-windows-x64\apache-tomcat-9.0.41\webapps\examples] has finished in [541] ms
02-Mar-2021 22:29:49.083 INFORMACIÓN [main] org.apache.catalina.startup.HostConfig.deployDirectory Desplegando el directorio [C:\apache-tomcat-9.0.41-windows-x64\apache-tomcat-9.0.41\webapps\host-manager] de la aplicación web
02-Mar-2021 22:29:49.206 INFORMACIÓN [main] org.apache.jasper.servlet.TldScanner.scanJars Al menos un JAR, que se ha explorado buscando TLDs, aún no contenía TLDs. Activar historial de depuración para este historiador para una completa lista de los JARs que fueron explorados y de los que nos se halló TLDs. Saltarse JARs no necesarios durante la exploración puede dar lugar a una mejora de tiempo significativa en el arranque y compilación de JSP .
02-Mar-2021 22:29:49.211 INFORMACIÓN [main] org.apache.catalina.startup.HostConfig.deployDirectory Deployment of web application directory [C:\apache-tomcat-9.0.41-windows-x64\apache-tomcat-9.0.41\webapps\host-manager] has finished in [128] ms
02-Mar-2021 22:29:49.213 INFORMACIÓN [main] org.apache.catalina.startup.HostConfig.deployDirectory Desplegando el directorio [C:\apache-tomcat-9.0.41-windows-x64\apache-tomcat-9.0.41\webapps\manager] de la aplicación web
02-Mar-2021 22:29:49.321 INFORMACIÓN [main] org.apache.jasper.servlet.TldScanner.scanJars Al menos un JAR, que se ha explorado buscando TLDs, aún no contenía TLDs. Activar historial de depuración para este historiador para una completa lista de los JARs que fueron explorados y de los que nos se halló TLDs. Saltarse JARs no necesarios durante la exploración puede dar lugar a una mejora de tiempo significativa en el arranque y compilación de JSP .
02-Mar-2021 22:29:49.325 INFORMACIÓN [main] org.apache.catalina.startup.HostConfig.deployDirectory Deployment of web application directory [C:\apache-tomcat-9.0.41-windows-x64\apache-tomcat-9.0.41\webapps\manager] has finished in [113] ms
02-Mar-2021 22:29:49.325 INFORMACIÓN [main] org.apache.catalina.startup.HostConfig.deployDirectory Desplegando el directorio [C:\apache-tomcat-9.0.41-windows-x64\apache-tomcat-9.0.41\webapps\ROOT] de la aplicación web
02-Mar-2021 22:29:49.441 INFORMACIÓN [main] org.apache.jasper.servlet.TldScanner.scanJars Al menos un JAR, que se ha explorado buscando TLDs, aún no contenía TLDs. Activar historial de depuración para este historiador para una completa lista de los JARs que fueron explorados y de los que nos se halló TLDs. Saltarse JARs no necesarios durante la exploración puede dar lugar a una mejora de tiempo significativa en el arranque y compilación de JSP .
02-Mar-2021 22:29:49.444 INFORMACIÓN [main] org.apache.catalina.startup.HostConfig.deployDirectory Deployment of web application directory [C:\apache-tomcat-9.0.41-windows-x64\apache-tomcat-9.0.41\webapps\ROOT] has finished in [119] ms
02-Mar-2021 22:29:49.449 INFORMACIÓN [main] org.apache.coyote.AbstractProtocol.start Starting ProtocolHandler ["http-nio-8089"]
02-Mar-2021 22:29:49.463 INFORMACIÓN [main] org.apache.catalina.startup.Catalina.start Server startup in [1485] milliseconds
02-Mar-2021 22:30:11.584 INFORMACIÓN [main] org.apache.catalina.core.StandardServer.await Se ha recibido un comando de apagado a través del puerto de apagado. Parando la instancia del Servidor.
02-Mar-2021 22:30:11.584 INFORMACIÓN [main] org.apache.coyote.AbstractProtocol.pause Pausing ProtocolHandler ["http-nio-8089"]
02-Mar-2021 22:30:11.765 INFORMACIÓN [main] org.apache.catalina.core.StandardService.stopInternal Parando servicio [Catalina]
02-Mar-2021 22:30:11.863 INFORMACIÓN [main] org.apache.coyote.AbstractProtocol.stop Stopping ProtocolHandler ["http-nio-8089"]
02-Mar-2021 22:30:11.903 INFORMACIÓN [main] org.apache.coyote.AbstractProtocol.destroy Destroying ProtocolHandler ["http-nio-8089"]
